0 info it worked if it ends with ok
1 verbose cli [ '/usr/local/bin/node',
1 verbose cli   '/usr/local/bin/npm',
1 verbose cli   'run',
1 verbose cli   'test:report' ]
2 info using npm@3.10.10
3 info using node@v6.9.5
4 verbose run-script [ 'pretest:report', 'test:report', 'posttest:report' ]
5 info lifecycle RiceBookServer@0.0.0~pretest:report: RiceBookServer@0.0.0
6 silly lifecycle RiceBookServer@0.0.0~pretest:report: no script for pretest:report, continuing
7 info lifecycle RiceBookServer@0.0.0~test:report: RiceBookServer@0.0.0
8 verbose lifecycle RiceBookServer@0.0.0~test:report: unsafe-perm in lifecycle true
9 verbose lifecycle RiceBookServer@0.0.0~test:report: PATH: /usr/local/lib/node_modules/npm/bin/node-gyp-bin:/Users/emily/Desktop/backend/node_modules/.bin:/Library/Frameworks/Python.framework/Versions/2.7/bin:/Library/Frameworks/Python.framework/Versions/2.7/bin:/Library/Frameworks/Python.framework/Versions/2.7/bin:/usr/local/bin:/usr/bin:/bin:/usr/sbin:/sbin
10 verbose lifecycle RiceBookServer@0.0.0~test:report: CWD: /Users/emily/Desktop/backend
11 silly lifecycle RiceBookServer@0.0.0~test:report: Args: [ '-c',
11 silly lifecycle   'mocha --opts mocha.opts src/*.spec.js --reporter mocha-junit-reporter --reporter-options mochaFile=./TestResult.xml' ]
12 silly lifecycle RiceBookServer@0.0.0~test:report: Returned: code: 1  signal: null
13 info lifecycle RiceBookServer@0.0.0~test:report: Failed to exec test:report script
14 verbose stack Error: RiceBookServer@0.0.0 test:report: `mocha --opts mocha.opts src/*.spec.js --reporter mocha-junit-reporter --reporter-options mochaFile=./TestResult.xml`
14 verbose stack Exit status 1
14 verbose stack     at EventEmitter.<anonymous> (/usr/local/lib/node_modules/npm/lib/utils/lifecycle.js:255:16)
14 verbose stack     at emitTwo (events.js:106:13)
14 verbose stack     at EventEmitter.emit (events.js:191:7)
14 verbose stack     at ChildProcess.<anonymous> (/usr/local/lib/node_modules/npm/lib/utils/spawn.js:40:14)
14 verbose stack     at emitTwo (events.js:106:13)
14 verbose stack     at ChildProcess.emit (events.js:191:7)
14 verbose stack     at maybeClose (internal/child_process.js:877:16)
14 verbose stack     at Process.ChildProcess._handle.onexit (internal/child_process.js:226:5)
15 verbose pkgid RiceBookServer@0.0.0
16 verbose cwd /Users/emily/Desktop/backend
17 error Darwin 14.1.1
18 error argv "/usr/local/bin/node" "/usr/local/bin/npm" "run" "test:report"
19 error node v6.9.5
20 error npm  v3.10.10
21 error code ELIFECYCLE
22 error RiceBookServer@0.0.0 test:report: `mocha --opts mocha.opts src/*.spec.js --reporter mocha-junit-reporter --reporter-options mochaFile=./TestResult.xml`
22 error Exit status 1
23 error Failed at the RiceBookServer@0.0.0 test:report script 'mocha --opts mocha.opts src/*.spec.js --reporter mocha-junit-reporter --reporter-options mochaFile=./TestResult.xml'.
23 error Make sure you have the latest version of node.js and npm installed.
23 error If you do, this is most likely a problem with the RiceBookServer package,
23 error not with npm itself.
23 error Tell the author that this fails on your system:
23 error     mocha --opts mocha.opts src/*.spec.js --reporter mocha-junit-reporter --reporter-options mochaFile=./TestResult.xml
23 error You can get information on how to open an issue for this project with:
23 error     npm bugs RiceBookServer
23 error Or if that isn't available, you can get their info via:
23 error     npm owner ls RiceBookServer
23 error There is likely additional logging output above.
24 verbose exit [ 1, true ]
